I, [2017-02-26T13:31:19.964267 #21812]  INFO -- nginx-centos-68: -----> Verifying <nginx-centos-68>...
I, [2017-02-26T13:31:19.964767 #21812]  INFO -- nginx-centos-68: Preparing files for transfer
I, [2017-02-26T13:31:20.214530 #21812]  INFO -- nginx-centos-68: -----> Busser installation detected (busser)
I, [2017-02-26T13:31:20.214756 #21812]  INFO -- nginx-centos-68: Installing Busser plugins: busser-serverspec
I, [2017-02-26T13:31:21.817908 #21812]  INFO -- nginx-centos-68: Plugin serverspec already installed
I, [2017-02-26T13:31:22.051290 #21812]  INFO -- nginx-centos-68: Removing /tmp/verifier/suites/serverspec
I, [2017-02-26T13:31:22.057696 #21812]  INFO -- nginx-centos-68: Transferring files to <nginx-centos-68>
I, [2017-02-26T13:31:22.404429 #21812]  INFO -- nginx-centos-68: -----> Running serverspec test suite
I, [2017-02-26T13:31:22.499436 #21812]  INFO -- nginx-centos-68: /opt/chef/embedded/bin/ruby -I/tmp/verifier/suites/serverspec -I/tmp/verifier/gems/gems/rspec-support-3.5.0/lib:/tmp/verifier/gems/gems/rspec-core-3.5.4/lib /opt/chef/embedded/bin/rspec --pattern /tmp/verifier/suites/serverspec/\*\*/\*_spec.rb --color --format documentation --default-path /tmp/verifier/suites/serverspec
I, [2017-02-26T13:31:22.915058 #21812]  INFO -- nginx-centos-68: 
I, [2017-02-26T13:31:22.915174 #21812]  INFO -- nginx-centos-68: Check nginx package
I, [2017-02-26T13:31:22.915383 #21812]  INFO -- nginx-centos-68:   Package "nginx"
I, [2017-02-26T13:31:22.992656 #21812]  INFO -- nginx-centos-68: [32m    should be installed[0m
I, [2017-02-26T13:31:22.992935 #21812]  INFO -- nginx-centos-68: 
I, [2017-02-26T13:31:22.993104 #21812]  INFO -- nginx-centos-68: check nginx enabled
I, [2017-02-26T13:31:22.993307 #21812]  INFO -- nginx-centos-68:   Service "nginx"
I, [2017-02-26T13:31:22.999449 #21812]  INFO -- nginx-centos-68: [32m    should be enabled[0m
I, [2017-02-26T13:31:22.999692 #21812]  INFO -- nginx-centos-68: 
I, [2017-02-26T13:31:22.999883 #21812]  INFO -- nginx-centos-68: Check default conf file
I, [2017-02-26T13:31:23.000057 #21812]  INFO -- nginx-centos-68:   File "/etc/nginx/nginx.conf"
I, [2017-02-26T13:31:23.005979 #21812]  INFO -- nginx-centos-68: [32m    should exist[0m
I, [2017-02-26T13:31:23.006261 #21812]  INFO -- nginx-centos-68: 
I, [2017-02-26T13:31:23.006497 #21812]  INFO -- nginx-centos-68: Check current conf file
I, [2017-02-26T13:31:23.006718 #21812]  INFO -- nginx-centos-68:   File "/etc/nginx/sites-enabled/default"
I, [2017-02-26T13:31:23.010928 #21812]  INFO -- nginx-centos-68: [32m    should exist[0m
I, [2017-02-26T13:31:23.011169 #21812]  INFO -- nginx-centos-68: 
I, [2017-02-26T13:31:23.011341 #21812]  INFO -- nginx-centos-68: check nginx default config file
I, [2017-02-26T13:31:23.011480 #21812]  INFO -- nginx-centos-68:   Command "cat /etc/nginx/nginx.conf"
I, [2017-02-26T13:31:23.011615 #21812]  INFO -- nginx-centos-68:     stdout
I, [2017-02-26T13:31:23.017742 #21812]  INFO -- nginx-centos-68: [32m      should match /include \/etc\/nginx\/conf.d\/\*\.conf;/[0m
I, [2017-02-26T13:31:23.018153 #21812]  INFO -- nginx-centos-68:     stdout
I, [2017-02-26T13:31:23.018932 #21812]  INFO -- nginx-centos-68: [32m      should match /include \/etc\/nginx\/sites-enabled\/\*;/[0m
I, [2017-02-26T13:31:23.019190 #21812]  INFO -- nginx-centos-68: 
I, [2017-02-26T13:31:23.019231 #21812]  INFO -- nginx-centos-68: check nginx current config file
I, [2017-02-26T13:31:23.019406 #21812]  INFO -- nginx-centos-68:   Command "cat /etc/nginx/sites-enabled/default"
I, [2017-02-26T13:31:23.019537 #21812]  INFO -- nginx-centos-68:     stdout
I, [2017-02-26T13:31:23.024737 #21812]  INFO -- nginx-centos-68: [32m      should match /hash \$remote_addr;/[0m
I, [2017-02-26T13:31:23.025033 #21812]  INFO -- nginx-centos-68:     stdout
I, [2017-02-26T13:31:23.025908 #21812]  INFO -- nginx-centos-68: [32m      should match /listen 80/[0m
I, [2017-02-26T13:31:23.026117 #21812]  INFO -- nginx-centos-68: 
I, [2017-02-26T13:31:23.026316 #21812]  INFO -- nginx-centos-68: check port
I, [2017-02-26T13:31:23.026481 #21812]  INFO -- nginx-centos-68:   Port "80"
I, [2017-02-26T13:31:23.036785 #21812]  INFO -- nginx-centos-68: [32m    should be listening with tcp[0m
I, [2017-02-26T13:31:23.037398 #21812]  INFO -- nginx-centos-68: 
I, [2017-02-26T13:31:23.037457 #21812]  INFO -- nginx-centos-68: Finished in 0.12229 seconds (files took 0.37288 seconds to load)
I, [2017-02-26T13:31:23.037481 #21812]  INFO -- nginx-centos-68: [32m9 examples, 0 failures[0m
I, [2017-02-26T13:31:23.037672 #21812]  INFO -- nginx-centos-68: 
I, [2017-02-26T13:31:23.058798 #21812]  INFO -- nginx-centos-68: Finished verifying <nginx-centos-68> (0m3.09s).
